<?xml version="1.0" encoding="UTF-8"?>
<?xml-stylesheet type="text/xsl" href="ivy-report.xsl"?>
<ivy-report version="1.0">
	<info
		organisation="com.xmlite"
		module="default-dc4315_2.10"
		revision="0.1"
		conf="test-internal"
		confs="compile, runtime, test, provided, optional, compile-internal, runtime-internal, test-internal, plugin, sources, docs, pom"
		date="20121217221033"/>
	<dependencies>
		<module organisation="org.scalatest" name="scalatest_2.10.0-RC2">
			<revision name="2.0.M4-B2" status="release" pubdate="20121107153629" resolver="public" artresolver="public" homepage="http://www.scalatest.org" downloaded="false" searched="false" default="false" conf="default(compile), default, compile, runtime, master" position="1">
				<license name="the Apache License, ASL Version 2.0" url="http://www.apache.org/licenses/LICENSE-2.0"/>
				<metadata-artifact status="no" details="" size="5358" time="0" location="C:\Users\Haoyi\.ivy2\cache\org.scalatest\scalatest_2.10.0-RC2\ivy-2.0.M4-B2.xml" searched="false" origin-is-local="false" origin-location="http://repo1.maven.org/maven2/org/scalatest/scalatest_2.10.0-RC2/2.0.M4-B2/scalatest_2.10.0-RC2-2.0.M4-B2.pom"/>
				<caller organisation="com.xmlite" name="default-dc4315_2.10" conf="test-internal, test, optional, compile, provided, runtime" rev="2.0.M4-B2" rev-constraint-default="2.0.M4-B2" rev-constraint-dynamic="2.0.M4-B2" callerrev="0.1"/>
				<artifacts>
					<artifact name="scalatest_2.10.0-RC2" type="jar" ext="jar" status="no" details="" size="3926714" time="0" location="C:\Users\Haoyi\.ivy2\cache\org.scalatest\scalatest_2.10.0-RC2\jars\scalatest_2.10.0-RC2-2.0.M4-B2.jar">
						<origin-location is-local="false" location="http://repo1.maven.org/maven2/org/scalatest/scalatest_2.10.0-RC2/2.0.M4-B2/scalatest_2.10.0-RC2-2.0.M4-B2.jar"/>
					</artifact>
				</artifacts>
			</revision>
		</module>
		<module organisation="org.scala-lang" name="scala-reflect">
			<revision name="2.10.0-RC2" status="release" pubdate="20121105091937" resolver="sbt-chain" artresolver="sbt-chain" homepage="http://www.scala-lang.org/" downloaded="false" searched="false" default="false" conf="compile, master(*), runtime, compile(*), runtime(*), master" position="3">
				<license name="BSD-like" url="http://www.scala-lang.org/downloads/license.html    "/>
				<metadata-artifact status="no" details="" size="2592" time="0" location="C:\Users\Haoyi\.ivy2\cache\org.scala-lang\scala-reflect\ivy-2.10.0-RC2.xml" searched="false" origin-is-local="false" origin-location="http://repo1.maven.org/maven2/org/scala-lang/scala-reflect/2.10.0-RC2/scala-reflect-2.10.0-RC2.pom"/>
				<caller organisation="org.scalatest" name="scalatest_2.10.0-RC2" conf="default, compile, runtime, master" rev="2.10.0-RC2" rev-constraint-default="2.10.0-RC2" rev-constraint-dynamic="2.10.0-RC2" callerrev="2.0.M4-B2"/>
				<artifacts>
					<artifact name="scala-reflect" type="jar" ext="jar" status="no" details="" size="3148161" time="0" location="C:\Users\Haoyi\.ivy2\cache\org.scala-lang\scala-reflect\jars\scala-reflect-2.10.0-RC2.jar">
						<origin-location is-local="false" location="http://repo1.maven.org/maven2/org/scala-lang/scala-reflect/2.10.0-RC2/scala-reflect-2.10.0-RC2.jar"/>
					</artifact>
				</artifacts>
			</revision>
		</module>
		<module organisation="org.scala-lang" name="scala-actors">
			<revision name="2.10.0-RC2" status="release" pubdate="20121105092546" resolver="public" artresolver="public" homepage="http://www.scala-lang.org/" downloaded="false" searched="false" default="false" conf="compile, master(*), runtime, compile(*), runtime(*), master" position="2">
				<license name="BSD-like" url="http://www.scala-lang.org/downloads/license.html          "/>
				<metadata-artifact status="no" details="" size="2588" time="0" location="C:\Users\Haoyi\.ivy2\cache\org.scala-lang\scala-actors\ivy-2.10.0-RC2.xml" searched="false" origin-is-local="false" origin-location="http://repo1.maven.org/maven2/org/scala-lang/scala-actors/2.10.0-RC2/scala-actors-2.10.0-RC2.pom"/>
				<caller organisation="org.scalatest" name="scalatest_2.10.0-RC2" conf="default, compile, runtime, master" rev="2.10.0-RC2" rev-constraint-default="2.10.0-RC2" rev-constraint-dynamic="2.10.0-RC2" callerrev="2.0.M4-B2"/>
				<artifacts>
					<artifact name="scala-actors" type="jar" ext="jar" status="no" details="" size="451306" time="0" location="C:\Users\Haoyi\.ivy2\cache\org.scala-lang\scala-actors\jars\scala-actors-2.10.0-RC2.jar">
						<origin-location is-local="false" location="http://repo1.maven.org/maven2/org/scala-lang/scala-actors/2.10.0-RC2/scala-actors-2.10.0-RC2.jar"/>
					</artifact>
				</artifacts>
			</revision>
		</module>
		<module organisation="org.scala-lang" name="scala-library">
			<revision name="2.10.0-RC2" status="release" pubdate="20121105091706" resolver="sbt-chain" artresolver="sbt-chain" homepage="http://www.scala-lang.org/" downloaded="false" searched="false" default="false" conf="default(compile), default, compile, master(*), compile(*), runtime, runtime(*), master" position="0">
				<license name="BSD-like" url="http://www.scala-lang.org/downloads/license.html          "/>
				<metadata-artifact status="no" details="" size="2425" time="0" location="C:\Users\Haoyi\.ivy2\cache\org.scala-lang\scala-library\ivy-2.10.0-RC2.xml" searched="false" origin-is-local="false" origin-location="http://repo1.maven.org/maven2/org/scala-lang/scala-library/2.10.0-RC2/scala-library-2.10.0-RC2.pom"/>
				<caller organisation="org.scala-lang" name="scala-reflect" conf="compile, runtime" rev="2.10.0-RC2" rev-constraint-default="2.10.0-RC2" rev-constraint-dynamic="2.10.0-RC2" callerrev="2.10.0-RC2"/>
				<caller organisation="com.xmlite" name="default-dc4315_2.10" conf="test-internal, test, optional, compile, provided, runtime" rev="2.10.0-RC2" rev-constraint-default="2.10.0-RC2" rev-constraint-dynamic="2.10.0-RC2" callerrev="0.1"/>
				<caller organisation="org.scalatest" name="scalatest_2.10.0-RC2" conf="default, compile, runtime, master" rev="2.10.0-RC2" rev-constraint-default="2.10.0-RC2" rev-constraint-dynamic="2.10.0-RC2" callerrev="2.0.M4-B2"/>
				<caller organisation="org.scala-lang" name="scala-actors" conf="compile, runtime" rev="2.10.0-RC2" rev-constraint-default="2.10.0-RC2" rev-constraint-dynamic="2.10.0-RC2" callerrev="2.10.0-RC2"/>
				<artifacts>
				</artifacts>
			</revision>
		</module>
	</dependencies>
</ivy-report>
